[debug] [2025-05-18T12:50:11.233Z] ----------------------------------------------------------------------
[debug] [2025-05-18T12:50:11.248Z] Command:       C:\Program Files\nodejs\node.exe C:\Users\dacpa\AppData\Roaming\npm\node_modules\firebase-tools\lib\bin\firebase.js login:ci
[debug] [2025-05-18T12:50:11.249Z] CLI Version:   14.4.0
[debug] [2025-05-18T12:50:11.249Z] Platform:      win32
[debug] [2025-05-18T12:50:11.249Z] Node Version:  v22.15.1
[debug] [2025-05-18T12:50:11.251Z] Time:          Sun May 18 2025 20:50:11 GMT+0800 (Philippine Standard Time)
[debug] [2025-05-18T12:50:11.251Z] ----------------------------------------------------------------------
[debug] 
[warn] !  Authenticating with a `login:ci` token is deprecated and will be removed in a future major version of `firebase-tools`. Instead, use a service account key with `GOOGLE_APPLICATION_CREDENTIALS`: https://cloud.google.com/docs/authentication/getting-started 
[info] 
[info] Visit this URL on this device to log in:
[info] https://accounts.google.com/o/oauth2/auth?client_id=563584335869-fgrhgmd47bqnekij5i8b5pr03ho849e6.apps.googleusercontent.com&scope=email%20openid%20https%3A%2F%2Fwww.googleapis.com%2Fauth%2Fcloudplatformprojects.readonly%20https%3A%2F%2Fwww.googleapis.com%2Fauth%2Ffirebase%20https%3A%2F%2Fwww.googleapis.com%2Fauth%2Fcloud-platform&response_type=code&state=772804750&redirect_uri=http%3A%2F%2Flocalhost%3A9005
[info] 
[info] Waiting for authentication...
[debug] [2025-05-18T12:50:19.557Z] >>> [apiv2][query] POST https://auth.firebase.tools/attest [none]
[debug] [2025-05-18T12:50:19.557Z] >>> [apiv2][body] POST https://auth.firebase.tools/attest {"session_id":"583c5e21-9199-4819-af4c-1777a9d451af"}
[debug] [2025-05-18T12:50:20.264Z] <<< [apiv2][status] POST https://auth.firebase.tools/attest 200
[debug] [2025-05-18T12:50:20.264Z] <<< [apiv2][body] POST https://auth.firebase.tools/attest {"token":"hb0of6ADSkJzHA6TyGGtMucpliMQtRherl1ynZpgAxc"}
[info] 
[info] To sign in to the Firebase CLI:
[info] 
[info] 1. Take note of your session ID:
[info] 
[info]    583C5
[info] 
[info] 2. Visit the URL below on any device and follow the instructions to get your code:
[info] 
[info]    https://auth.firebase.tools/login?code_challenge=i_Xx8FgqGlYzU9nP7HI7E7LpWSAbv3MJb0WYBr3Kt4A&session=583c5e21-9199-4819-af4c-1777a9d451af&attest=hb0of6ADSkJzHA6TyGGtMucpliMQtRherl1ynZpgAxc
[info] 
[info] 3. Paste or enter the authorization code below once you have it:
[info] 
[debug] [2025-05-18T12:58:09.424Z] ExitPromptError: User force closed the prompt with SIGINT
    at Interface.sigint (C:\Users\dacpa\AppData\Roaming\npm\node_modules\firebase-tools\node_modules\@inquirer\core\dist\commonjs\lib\create-prompt.js:100:37)
    at Interface.emit (node:events:518:28)
    at Interface.emit (node:domain:489:12)
    at [_ttyWrite] [as _ttyWrite] (node:internal/readline/interface:1128:18)
    at ReadStream.onkeypress (node:internal/readline/interface:267:20)
    at ReadStream.emit (node:events:530:35)
    at ReadStream.emit (node:domain:489:12)
    at emitKeys (node:internal/readline/utils:370:14)
    at emitKeys.next (<anonymous>)
    at ReadStream.onData (node:internal/readline/emitKeypressEvents:64:36)
[error] 
[error] Error: An unexpected error has occurred.
